build/app/intermediates/manifest_merge_blame_file/debug/manifest-merger-blame-debug-report.txt
1<?xml version="1.0" encoding="utf-8"?>
2<manifest xmlns:android="http://schemas.android.com/apk/res/android"
3    package="com.codelab.awesomedrawingquiz"
4    android:versionCode="1"
5    android:versionName="1.0.0" >
6
7    <uses-sdk
8        android:minSdkVersion="21"
9        android:targetSdkVersion="30" />
10    <!--
11         Flutter needs it to communicate with the running application
12         to allow setting breakpoints, to provide hot reload, etc.
13    -->
14    <uses-permission android:name="android.permission.INTERNET" />
14-->src\debug\AndroidManifest.xml:6:5-66
14-->src\debug\AndroidManifest.xml:6:22-64
15    <uses-permission android:name="android.permission.ACCESS_NETWORK_STATE" /> <!-- Android package visibility setting -->
15-->[com.google.android.gms:play-services-ads-lite:19.7.0] AndroidManifest.xml:24:5-79
15-->[com.google.android.gms:play-services-ads-lite:19.7.0] AndroidManifest.xml:24:22-76
16    <queries>
16-->[com.google.android.gms:play-services-ads-lite:19.7.0] AndroidManifest.xml:27:5-43:15
17
18        <!-- For browser content -->
19        <intent>
19-->[com.google.android.gms:play-services-ads-lite:19.7.0] AndroidManifest.xml:30:9-36:18
20            <action android:name="android.intent.action.VIEW" />
20-->[com.google.android.gms:play-services-ads-lite:19.7.0] AndroidManifest.xml:31:13-65
20-->[com.google.android.gms:play-services-ads-lite:19.7.0] AndroidManifest.xml:31:21-62
21
22            <category android:name="android.intent.category.BROWSABLE" />
22-->[com.google.android.gms:play-services-ads-lite:19.7.0] AndroidManifest.xml:33:13-74
22-->[com.google.android.gms:play-services-ads-lite:19.7.0] AndroidManifest.xml:33:23-71
23
24            <data android:scheme="https" />
24-->[com.google.android.gms:play-services-ads-lite:19.7.0] AndroidManifest.xml:35:13-44
24-->[com.google.android.gms:play-services-ads-lite:19.7.0] AndroidManifest.xml:35:19-41
25        </intent>
26        <!-- End of browser content -->
27        <!-- For CustomTabsService -->
28        <intent>
28-->[com.google.android.gms:play-services-ads-lite:19.7.0] AndroidManifest.xml:39:9-41:18
29            <action android:name="android.support.customtabs.action.CustomTabsService" />
29-->[com.google.android.gms:play-services-ads-lite:19.7.0] AndroidManifest.xml:40:13-90
29-->[com.google.android.gms:play-services-ads-lite:19.7.0] AndroidManifest.xml:40:21-87
30        </intent>
31        <!-- End of CustomTabsService -->
32    </queries>
33
34    <uses-permission android:name="android.permission.WAKE_LOCK" />
34-->[com.google.android.gms:play-services-measurement-sdk-api:17.5.0] AndroidManifest.xml:25:5-68
34-->[com.google.android.gms:play-services-measurement-sdk-api:17.5.0] AndroidManifest.xml:25:22-65
35    <uses-permission android:name="android.permission.RECEIVE_BOOT_COMPLETED" />
35-->[androidx.work:work-runtime:2.1.0] AndroidManifest.xml:27:5-81
35-->[androidx.work:work-runtime:2.1.0] AndroidManifest.xml:27:22-78
36    <!--
37 io.flutter.app.FlutterApplication is an android.app.Application that
38         calls FlutterMain.startInitialization(this); in its onCreate method.
39         In most cases you can leave this as-is, but you if you want to provide
40         additional functionality it is fine to subclass or reimplement
41         FlutterApplication and put your custom class here.
42    -->
43    <application
43-->src\main\AndroidManifest.xml:8:5-50:19
44        android:name="io.flutter.app.FlutterApplication"
44-->src\main\AndroidManifest.xml:9:9-57
45        android:appComponentFactory="androidx.core.app.CoreComponentFactory"
45-->[androidx.core:core:1.2.0] AndroidManifest.xml:24:18-86
46        android:debuggable="true"
47        android:icon="@mipmap/ic_launcher"
47-->src\main\AndroidManifest.xml:11:9-43
48        android:label="Awesome Drawing Quiz" >
48-->src\main\AndroidManifest.xml:10:9-45
49        <activity
49-->src\main\AndroidManifest.xml:12:9-40:20
50            android:name="com.codelab.awesomedrawingquiz.MainActivity"
50-->src\main\AndroidManifest.xml:13:13-41
51            android:configChanges="orientation|keyboardHidden|keyboard|screenSize|smallestScreenSize|locale|layoutDirection|fontScale|screenLayout|density|uiMode"
51-->src\main\AndroidManifest.xml:16:13-163
52            android:hardwareAccelerated="true"
52-->src\main\AndroidManifest.xml:17:13-47
53            android:launchMode="singleTop"
53-->src\main\AndroidManifest.xml:14:13-43
54            android:theme="@style/LaunchTheme"
54-->src\main\AndroidManifest.xml:15:13-47
55            android:windowSoftInputMode="adjustResize" >
55-->src\main\AndroidManifest.xml:18:13-55
56
57            <!--
58                 Specifies an Android theme to apply to this Activity as soon as
59                 the Android process has started. This theme is visible to the user
60                 while the Flutter UI initializes. After that, this theme continues
61                 to determine the Window background behind the Flutter UI.
62            -->
63            <meta-data
63-->src\main\AndroidManifest.xml:23:13-26:19
64                android:name="io.flutter.embedding.android.NormalTheme"
64-->src\main\AndroidManifest.xml:24:17-72
65                android:resource="@style/NormalTheme" />
65-->src\main\AndroidManifest.xml:25:17-54
66            <!--
67                 Displays an Android View that continues showing the launch screen
68                 Drawable until Flutter paints its first frame, then this splash
69                 screen fades out. A splash screen is useful to avoid any visual
70                 gap between the end of Android's launch screen and the painting of
71                 Flutter's first frame.
72            -->
73            <meta-data
73-->src\main\AndroidManifest.xml:32:13-35:19
74                android:name="io.flutter.embedding.android.SplashScreenDrawable"
74-->src\main\AndroidManifest.xml:33:17-81
75                android:resource="@drawable/launch_background" />
75-->src\main\AndroidManifest.xml:34:17-63
76
77            <intent-filter>
77-->src\main\AndroidManifest.xml:36:13-39:29
78                <action android:name="android.intent.action.MAIN" />
78-->src\main\AndroidManifest.xml:37:17-68
78-->src\main\AndroidManifest.xml:37:25-66
79
80                <category android:name="android.intent.category.LAUNCHER" />
80-->src\main\AndroidManifest.xml:38:17-76
80-->src\main\AndroidManifest.xml:38:27-74
81            </intent-filter>
82        </activity>
83        <!--
84             Don't delete the meta-data below.
85             This is used by the Flutter tool to generate GeneratedPluginRegistrant.java
86        -->
87        <meta-data
87-->src\main\AndroidManifest.xml:43:9-45:33
88            android:name="flutterEmbedding"
88-->src\main\AndroidManifest.xml:44:13-44
89            android:value="2" />
89-->src\main\AndroidManifest.xml:45:13-30
90        <!-- COMPLETE: Add AdMob app ID -->
91        <meta-data
91-->src\main\AndroidManifest.xml:47:9-49:69
92            android:name="com.google.android.gms.ads.APPLICATION_ID"
92-->src\main\AndroidManifest.xml:48:13-69
93            android:value="ca-app-pub-9448969861485233~9843255644" />
93-->src\main\AndroidManifest.xml:49:13-67
94        <meta-data
94-->[:google_mobile_ads] AndroidManifest.xml:10:9-12:36
95            android:name="io.flutter.embedded_views_preview"
95-->[:google_mobile_ads] AndroidManifest.xml:11:13-61
96            android:value="true" /> <!-- Include the AdActivity and InAppPurchaseActivity configChanges and themes. -->
96-->[:google_mobile_ads] AndroidManifest.xml:12:13-33
97        <activity
97-->[com.google.android.gms:play-services-ads-lite:19.7.0] AndroidManifest.xml:48:9-52:64
98            android:name="com.google.android.gms.ads.AdActivity"
98-->[com.google.android.gms:play-services-ads-lite:19.7.0] AndroidManifest.xml:49:13-65
99            android:configChanges="keyboard|keyboardHidden|orientation|screenLayout|uiMode|screenSize|smallestScreenSize"
99-->[com.google.android.gms:play-services-ads-lite:19.7.0] AndroidManifest.xml:50:13-122
100            android:exported="false"
100-->[com.google.android.gms:play-services-ads-lite:19.7.0] AndroidManifest.xml:51:13-37
101            android:theme="@android:style/Theme.Translucent" />
101-->[com.google.android.gms:play-services-ads-lite:19.7.0] AndroidManifest.xml:52:13-61
102
103        <provider
103-->[com.google.android.gms:play-services-ads-lite:19.7.0] AndroidManifest.xml:54:9-58:39
104            android:name="com.google.android.gms.ads.MobileAdsInitProvider"
104-->[com.google.android.gms:play-services-ads-lite:19.7.0] AndroidManifest.xml:55:13-76
105            android:authorities="com.codelab.awesomedrawingquiz.mobileadsinitprovider"
105-->[com.google.android.gms:play-services-ads-lite:19.7.0] AndroidManifest.xml:56:13-73
106            android:exported="false"
106-->[com.google.android.gms:play-services-ads-lite:19.7.0] AndroidManifest.xml:57:13-37
107            android:initOrder="100" />
107-->[com.google.android.gms:play-services-ads-lite:19.7.0] AndroidManifest.xml:58:13-36
108
109        <service
109-->[com.google.android.gms:play-services-ads-lite:19.7.0] AndroidManifest.xml:60:9-63:40
110            android:name="com.google.android.gms.ads.AdService"
110-->[com.google.android.gms:play-services-ads-lite:19.7.0] AndroidManifest.xml:61:13-64
111            android:enabled="true"
111-->[com.google.android.gms:play-services-ads-lite:19.7.0] AndroidManifest.xml:62:13-35
112            android:exported="false" />
112-->[com.google.android.gms:play-services-ads-lite:19.7.0] AndroidManifest.xml:63:13-37
113
114        <meta-data
114-->[com.google.android.gms:play-services-basement:17.3.0] AndroidManifest.xml:23:9-25:69
115            android:name="com.google.android.gms.version"
115-->[com.google.android.gms:play-services-basement:17.3.0] AndroidManifest.xml:24:13-58
116            android:value="@integer/google_play_services_version" />
116-->[com.google.android.gms:play-services-basement:17.3.0] AndroidManifest.xml:25:13-66
117
118        <provider
118-->[androidx.work:work-runtime:2.1.0] AndroidManifest.xml:30:9-36:35
119            android:name="androidx.work.impl.WorkManagerInitializer"
119-->[androidx.work:work-runtime:2.1.0] AndroidManifest.xml:31:13-69
120            android:authorities="com.codelab.awesomedrawingquiz.workmanager-init"
120-->[androidx.work:work-runtime:2.1.0] AndroidManifest.xml:32:13-68
121            android:directBootAware="false"
121-->[androidx.work:work-runtime:2.1.0] AndroidManifest.xml:33:13-44
122            android:exported="false"
122-->[androidx.work:work-runtime:2.1.0] AndroidManifest.xml:34:13-37
123            android:multiprocess="true" />
123-->[androidx.work:work-runtime:2.1.0] AndroidManifest.xml:35:13-40
124
125        <service
125-->[androidx.work:work-runtime:2.1.0] AndroidManifest.xml:38:9-43:35
126            android:name="androidx.work.impl.background.systemalarm.SystemAlarmService"
126-->[androidx.work:work-runtime:2.1.0] AndroidManifest.xml:39:13-88
127            android:directBootAware="false"
127-->[androidx.work:work-runtime:2.1.0] AndroidManifest.xml:40:13-44
128            android:enabled="@bool/enable_system_alarm_service_default"
128-->[androidx.work:work-runtime:2.1.0] AndroidManifest.xml:41:13-72
129            android:exported="false" />
129-->[androidx.work:work-runtime:2.1.0] AndroidManifest.xml:42:13-37
130        <service
130-->[androidx.work:work-runtime:2.1.0] AndroidManifest.xml:44:9-50:35
131            android:name="androidx.work.impl.background.systemjob.SystemJobService"
131-->[androidx.work:work-runtime:2.1.0] AndroidManifest.xml:45:13-84
132            android:directBootAware="false"
132-->[androidx.work:work-runtime:2.1.0] AndroidManifest.xml:46:13-44
133            android:enabled="@bool/enable_system_job_service_default"
133-->[androidx.work:work-runtime:2.1.0] AndroidManifest.xml:47:13-70
134            android:exported="true"
134-->[androidx.work:work-runtime:2.1.0] AndroidManifest.xml:48:13-36
135            android:permission="android.permission.BIND_JOB_SERVICE" />
135-->[androidx.work:work-runtime:2.1.0] AndroidManifest.xml:49:13-69
136
137        <receiver
137-->[androidx.work:work-runtime:2.1.0] AndroidManifest.xml:52:9-57:35
138            android:name="androidx.work.impl.utils.ForceStopRunnable$BroadcastReceiver"
138-->[androidx.work:work-runtime:2.1.0] AndroidManifest.xml:53:13-88
139            android:directBootAware="false"
139-->[androidx.work:work-runtime:2.1.0] AndroidManifest.xml:54:13-44
140            android:enabled="true"
140-->[androidx.work:work-runtime:2.1.0] AndroidManifest.xml:55:13-35
141            android:exported="false" />
141-->[androidx.work:work-runtime:2.1.0] AndroidManifest.xml:56:13-37
142        <receiver
142-->[androidx.work:work-runtime:2.1.0] AndroidManifest.xml:58:9-68:20
143            android:name="androidx.work.impl.background.systemalarm.ConstraintProxy$BatteryChargingProxy"
143-->[androidx.work:work-runtime:2.1.0] AndroidManifest.xml:59:13-106
144            android:directBootAware="false"
144-->[androidx.work:work-runtime:2.1.0] AndroidManifest.xml:60:13-44
145            android:enabled="false"
145-->[androidx.work:work-runtime:2.1.0] AndroidManifest.xml:61:13-36
146            android:exported="false" >
146-->[androidx.work:work-runtime:2.1.0] AndroidManifest.xml:62:13-37
147            <intent-filter>
147-->[androidx.work:work-runtime:2.1.0] AndroidManifest.xml:64:13-67:29
148                <action android:name="android.intent.action.ACTION_POWER_CONNECTED" />
148-->[androidx.work:work-runtime:2.1.0] AndroidManifest.xml:65:17-87
148-->[androidx.work:work-runtime:2.1.0] AndroidManifest.xml:65:25-84
149                <action android:name="android.intent.action.ACTION_POWER_DISCONNECTED" />
149-->[androidx.work:work-runtime:2.1.0] AndroidManifest.xml:66:17-90
149-->[androidx.work:work-runtime:2.1.0] AndroidManifest.xml:66:25-87
150            </intent-filter>
151        </receiver>
152        <receiver
152-->[androidx.work:work-runtime:2.1.0] AndroidManifest.xml:69:9-79:20
153            android:name="androidx.work.impl.background.systemalarm.ConstraintProxy$BatteryNotLowProxy"
153-->[androidx.work:work-runtime:2.1.0] AndroidManifest.xml:70:13-104
154            android:directBootAware="false"
154-->[androidx.work:work-runtime:2.1.0] AndroidManifest.xml:71:13-44
155            android:enabled="false"
155-->[androidx.work:work-runtime:2.1.0] AndroidManifest.xml:72:13-36
156            android:exported="false" >
156-->[androidx.work:work-runtime:2.1.0] AndroidManifest.xml:73:13-37
157            <intent-filter>
157-->[androidx.work:work-runtime:2.1.0] AndroidManifest.xml:75:13-78:29
158                <action android:name="android.intent.action.BATTERY_OKAY" />
158-->[androidx.work:work-runtime:2.1.0] AndroidManifest.xml:76:17-77
158-->[androidx.work:work-runtime:2.1.0] AndroidManifest.xml:76:25-74
159                <action android:name="android.intent.action.BATTERY_LOW" />
159-->[androidx.work:work-runtime:2.1.0] AndroidManifest.xml:77:17-76
159-->[androidx.work:work-runtime:2.1.0] AndroidManifest.xml:77:25-73
160            </intent-filter>
161        </receiver>
162        <receiver
162-->[androidx.work:work-runtime:2.1.0] AndroidManifest.xml:80:9-90:20
163            android:name="androidx.work.impl.background.systemalarm.ConstraintProxy$StorageNotLowProxy"
163-->[androidx.work:work-runtime:2.1.0] AndroidManifest.xml:81:13-104
164            android:directBootAware="false"
164-->[androidx.work:work-runtime:2.1.0] AndroidManifest.xml:82:13-44
165            android:enabled="false"
165-->[androidx.work:work-runtime:2.1.0] AndroidManifest.xml:83:13-36
166            android:exported="false" >
166-->[androidx.work:work-runtime:2.1.0] AndroidManifest.xml:84:13-37
167            <intent-filter>
167-->[androidx.work:work-runtime:2.1.0] AndroidManifest.xml:86:13-89:29
168                <action android:name="android.intent.action.DEVICE_STORAGE_LOW" />
168-->[androidx.work:work-runtime:2.1.0] AndroidManifest.xml:87:17-83
168-->[androidx.work:work-runtime:2.1.0] AndroidManifest.xml:87:25-80
169                <action android:name="android.intent.action.DEVICE_STORAGE_OK" />
169-->[androidx.work:work-runtime:2.1.0] AndroidManifest.xml:88:17-82
169-->[androidx.work:work-runtime:2.1.0] AndroidManifest.xml:88:25-79
170            </intent-filter>
171        </receiver>
172        <receiver
172-->[androidx.work:work-runtime:2.1.0] AndroidManifest.xml:91:9-100:20
173            android:name="androidx.work.impl.background.systemalarm.ConstraintProxy$NetworkStateProxy"
173-->[androidx.work:work-runtime:2.1.0] AndroidManifest.xml:92:13-103
174            android:directBootAware="false"
174-->[androidx.work:work-runtime:2.1.0] AndroidManifest.xml:93:13-44
175            android:enabled="false"
175-->[androidx.work:work-runtime:2.1.0] AndroidManifest.xml:94:13-36
176            android:exported="false" >
176-->[androidx.work:work-runtime:2.1.0] AndroidManifest.xml:95:13-37
177            <intent-filter>
177-->[androidx.work:work-runtime:2.1.0] AndroidManifest.xml:97:13-99:29
178                <action android:name="android.net.conn.CONNECTIVITY_CHANGE" />
178-->[androidx.work:work-runtime:2.1.0] AndroidManifest.xml:98:17-79
178-->[androidx.work:work-runtime:2.1.0] AndroidManifest.xml:98:25-76
179            </intent-filter>
180        </receiver>
181        <receiver
181-->[androidx.work:work-runtime:2.1.0] AndroidManifest.xml:101:9-112:20
182            android:name="androidx.work.impl.background.systemalarm.RescheduleReceiver"
182-->[androidx.work:work-runtime:2.1.0] AndroidManifest.xml:102:13-88
183            android:directBootAware="false"
183-->[androidx.work:work-runtime:2.1.0] AndroidManifest.xml:103:13-44
184            android:enabled="false"
184-->[androidx.work:work-runtime:2.1.0] AndroidManifest.xml:104:13-36
185            android:exported="false" >
185-->[androidx.work:work-runtime:2.1.0] AndroidManifest.xml:105:13-37
186            <intent-filter>
186-->[androidx.work:work-runtime:2.1.0] AndroidManifest.xml:107:13-111:29
187                <action android:name="android.intent.action.BOOT_COMPLETED" />
187-->[androidx.work:work-runtime:2.1.0] AndroidManifest.xml:108:17-79
187-->[androidx.work:work-runtime:2.1.0] AndroidManifest.xml:108:25-76
188                <action android:name="android.intent.action.TIME_SET" />
188-->[androidx.work:work-runtime:2.1.0] AndroidManifest.xml:109:17-73
188-->[androidx.work:work-runtime:2.1.0] AndroidManifest.xml:109:25-70
189                <action android:name="android.intent.action.TIMEZONE_CHANGED" />
189-->[androidx.work:work-runtime:2.1.0] AndroidManifest.xml:110:17-81
189-->[androidx.work:work-runtime:2.1.0] AndroidManifest.xml:110:25-78
190            </intent-filter>
191        </receiver>
192        <receiver
192-->[androidx.work:work-runtime:2.1.0] AndroidManifest.xml:113:9-122:20
193            android:name="androidx.work.impl.background.systemalarm.ConstraintProxyUpdateReceiver"
193-->[androidx.work:work-runtime:2.1.0] AndroidManifest.xml:114:13-99
194            android:directBootAware="false"
194-->[androidx.work:work-runtime:2.1.0] AndroidManifest.xml:115:13-44
195            android:enabled="@bool/enable_system_alarm_service_default"
195-->[androidx.work:work-runtime:2.1.0] AndroidManifest.xml:116:13-72
196            android:exported="false" >
196-->[androidx.work:work-runtime:2.1.0] AndroidManifest.xml:117:13-37
197            <intent-filter>
197-->[androidx.work:work-runtime:2.1.0] AndroidManifest.xml:119:13-121:29
198                <action android:name="androidx.work.impl.background.systemalarm.UpdateProxies" />
198-->[androidx.work:work-runtime:2.1.0] AndroidManifest.xml:120:17-98
198-->[androidx.work:work-runtime:2.1.0] AndroidManifest.xml:120:25-95
199            </intent-filter>
200        </receiver>
201
202        <service
202-->[androidx.room:room-runtime:2.1.0] AndroidManifest.xml:25:9-27:40
203            android:name="androidx.room.MultiInstanceInvalidationService"
203-->[androidx.room:room-runtime:2.1.0] AndroidManifest.xml:26:13-74
204            android:exported="false" />
204-->[androidx.room:room-runtime:2.1.0] AndroidManifest.xml:27:13-37
205    </application>
206
207</manifest>